<?xml version="1.0" encoding="UTF-8"?>
<!-- Generated by org.testng.reporters.JUnitReportReporter -->
<testsuite skipped="0" hostname="innoraft-Lenovo-G50-70" name="datadriven.AuthorBio_content" tests="1" failures="0" timestamp="04 Apr 2019 13:00:13 GMT" time="577.657" errors="0">
  <testcase name="validateAuthorbioContentTest" time="577.657" classname="datadriven.AuthorBio_content"/>
</testsuite> <!-- datadriven.AuthorBio_content -->
