<?xml version="1.0" encoding="UTF-8"?>
<!-- Generated by org.testng.reporters.JUnitReportReporter -->
<testsuite skipped="0" hostname="innoraft-Lenovo-G50-70" name="datadriven.Guru99BankLoginTest" tests="5" failures="0" timestamp="26 Feb 2019 11:45:23 GMT" time="15.183" errors="0">
  <testcase name="LaunchURL" time="9.158" classname="datadriven.Guru99BankLoginTest"/>
  <testcase name="VerifyLaunchPage" time="0.700" classname="datadriven.Guru99BankLoginTest"/>
  <testcase name="EnterCredentials" time="4.743" classname="datadriven.Guru99BankLoginTest"/>
  <testcase name="VerifyLoggedInPage" time="0.151" classname="datadriven.Guru99BankLoginTest"/>
  <testcase name="VerifyHyperLinks" time="0.431" classname="datadriven.Guru99BankLoginTest"/>
</testsuite> <!-- datadriven.Guru99BankLoginTest -->
