<?xml version="1.0" encoding="UTF-8"?>
<!-- Generated by org.testng.reporters.JUnitReportReporter -->
<testsuite skipped="0" hostname="innoraft-Lenovo-G50-70" name="datadriven.HeaderTagChecker" tests="1" failures="0" timestamp="01 Apr 2019 07:27:58 GMT" time="88.302" errors="0">
  <testcase name="ExtractingHeaderTags" time="88.302" classname="datadriven.HeaderTagChecker"/>
</testsuite> <!-- datadriven.HeaderTagChecker -->
