<?xml version="1.0" encoding="UTF-8"?>
<!-- Generated by org.testng.reporters.JUnitReportReporter -->
<testsuite skipped="0" hostname="innoraft-Lenovo-G50-70" name="com.suit1.BreadCrumbTestSTO" tests="7" failures="0" timestamp="04 Apr 2019 07:31:18 GMT" time="342.048" errors="0">
  <testcase name="validateBreadCrumbTest" time="49.598" classname="com.suit1.BreadCrumbTestSTO"/>
  <testcase name="validateBreadCrumbTest" time="73.666" classname="com.suit1.BreadCrumbTestSTO"/>
  <testcase name="validateBreadCrumbTest" time="39.011" classname="com.suit1.BreadCrumbTestSTO"/>
  <testcase name="validateBreadCrumbTest" time="41.866" classname="com.suit1.BreadCrumbTestSTO"/>
  <testcase name="validateBreadCrumbTest" time="56.515" classname="com.suit1.BreadCrumbTestSTO"/>
  <testcase name="validateBreadCrumbTest" time="40.220" classname="com.suit1.BreadCrumbTestSTO"/>
  <testcase name="validateBreadCrumbTest" time="41.172" classname="com.suit1.BreadCrumbTestSTO"/>
</testsuite> <!-- com.suit1.BreadCrumbTestSTO -->
