<?xml version="1.0" encoding="UTF-8"?>
<!-- Generated by org.testng.reporters.JUnitReportReporter -->
<testsuite skipped="0" hostname="innoraft-Lenovo-G50-70" name="com.suit1.G99NewCstForm" tests="5" failures="0" timestamp="14 Mar 2019 16:19:42 GMT" time="50.591" errors="0">
  <testcase name="EnterData" time="11.603" classname="com.suit1.G99NewCstForm"/>
  <testcase name="EnterData" time="8.968" classname="com.suit1.G99NewCstForm"/>
  <testcase name="EnterData" time="8.718" classname="com.suit1.G99NewCstForm"/>
  <testcase name="EnterData" time="9.108" classname="com.suit1.G99NewCstForm"/>
  <testcase name="EnterData" time="12.194" classname="com.suit1.G99NewCstForm"/>
</testsuite> <!-- com.suit1.G99NewCstForm -->
