<?xml version="1.0" encoding="UTF-8"?>
<!-- Generated by org.testng.reporters.JUnitReportReporter -->
<testsuite skipped="0" hostname="innoraft-Lenovo-G50-70" name="com.suit2.AuthorBio_Redirection" tests="1" failures="0" timestamp="05 Apr 2019 09:10:17 GMT" time="250.613" errors="0">
  <testcase name="validateNodeidTest" time="250.613" classname="com.suit2.AuthorBio_Redirection"/>
</testsuite> <!-- com.suit2.AuthorBio_Redirection -->
