<?xml version="1.0" encoding="UTF-8"?>
<!-- Generated by org.testng.reporters.JUnitReportReporter -->
<testsuite skipped="0" hostname="innoraft-Lenovo-G50-70" name="datadriven.RedirectionUrls" tests="1" failures="0" timestamp="04 Apr 2019 11:02:48 GMT" time="5.635" errors="0">
  <testcase name="Redirection" time="5.635" classname="datadriven.RedirectionUrls"/>
</testsuite> <!-- datadriven.RedirectionUrls -->
