<?xml version="1.0" encoding="UTF-8"?>
<!-- Generated by org.testng.reporters.JUnitReportReporter -->
<testsuite skipped="0" hostname="innoraft-Lenovo-G50-70" name="datadriven.StatusCode_Message" tests="1" failures="0" timestamp="04 Apr 2019 10:29:51 GMT" time="42.144" errors="0">
  <testcase name="brokenlinks" time="42.144" classname="datadriven.StatusCode_Message"/>
</testsuite> <!-- datadriven.StatusCode_Message -->
