<?xml version="1.0" encoding="UTF-8"?>
<!-- Generated by org.testng.reporters.JUnitReportReporter -->
<testsuite skipped="0" hostname="innoraft-Lenovo-G50-70" name="datadriven.StatusCode_Message" tests="1" failures="0" timestamp="26 Mar 2019 16:15:01 GMT" time="36.306" errors="0">
  <testcase name="brokenlinks" time="36.306" classname="datadriven.StatusCode_Message"/>
</testsuite> <!-- datadriven.StatusCode_Message -->
