<?xml version="1.0" encoding="UTF-8"?>
<!-- Generated by org.testng.reporters.JUnitReportReporter -->
<testsuite skipped="0" hostname="innoraft-Lenovo-G50-70" name="datadriven.HclAmpTag" tests="1" failures="0" timestamp="02 Apr 2019 09:08:46 GMT" time="47.204" errors="0">
  <testcase name="validateStyleTagsTest" time="47.204" classname="datadriven.HclAmpTag"/>
</testsuite> <!-- datadriven.HclAmpTag -->
