<?xml version="1.0" encoding="UTF-8"?>
<!-- Generated by org.testng.reporters.JUnitReportReporter -->
<testsuite skipped="0" hostname="innoraft-Lenovo-G50-70" name="datadriven.ByDataProvider" tests="2" failures="0" timestamp="20 Mar 2019 11:19:51 GMT" time="56.213" errors="0">
  <testcase name="EnterData" time="24.218" classname="datadriven.ByDataProvider"/>
  <testcase name="EnterData" time="31.995" classname="datadriven.ByDataProvider"/>
</testsuite> <!-- datadriven.ByDataProvider -->
