<?xml version="1.0" encoding="UTF-8"?>
<!-- Generated by org.testng.reporters.JUnitReportReporter -->
<testsuite skipped="0" hostname="innoraft-Lenovo-G50-70" name="com.suit2.HclDDF" tests="1" failures="0" timestamp="20 Mar 2019 08:22:10 GMT" time="20.113" errors="0">
  <testcase name="EnterCred" time="20.113" classname="com.suit2.HclDDF"/>
</testsuite> <!-- com.suit2.HclDDF -->
