<?xml version="1.0" encoding="UTF-8"?>
<!-- Generated by org.testng.reporters.JUnitReportReporter -->
<testsuite skipped="0" hostname="innoraft-Lenovo-G50-70" name="datadriven.MultipleSession" tests="3" failures="0" timestamp="26 Feb 2019 11:45:23 GMT" time="42.056" errors="0">
  <testcase name="Cred2" time="8.741" classname="datadriven.MultipleSession"/>
  <testcase name="Cred3" time="10.972" classname="datadriven.MultipleSession"/>
  <testcase name="Cred1" time="22.343" classname="datadriven.MultipleSession"/>
</testsuite> <!-- datadriven.MultipleSession -->
